<?xml version="1.0" encoding="UTF-8"?>
<testsuite name="TestRunner.RunCucumberTest" time="0.515" tests="1" errors="1" skipped="0" failures="0">
  <properties>
[...]
</properties>
  <testcase name="EMPTY_NAME" classname="Reset functionality on login page of Application" time="0.515">
    <error message="The driver executable does not exist: C:\Users\RafaePaula\LuxoftTask\lib\chromedriver.exe" type="java.lang.IllegalStateException"><![CDATA[java.lang.IllegalStateException: The driver executable does not exist: C:\Users\RafaePaula\LuxoftTask\lib\chromedriver.exe
	at com.google.common.base.Preconditions.checkState(Preconditions.java:585)
	at org.openqa.selenium.remote.service.DriverService.checkExecutable(DriverService.java:137)
	at org.openqa.selenium.remote.service.DriverService.findExecutable(DriverService.java:132)
	at org.openqa.selenium.chrome.ChromeDriverService.access$000(ChromeDriverService.java:35)
	at org.openqa.selenium.chrome.ChromeDriverService$Builder.findDefaultExecutable(ChromeDriverService.java:156)
	at org.openqa.selenium.remote.service.DriverService$Builder.build(DriverService.java:346)
	at org.openqa.selenium.chrome.ChromeDriverService.createDefaultService(ChromeDriverService.java:91)
	at org.openqa.selenium.chrome.ChromeDriver.<init>(ChromeDriver.java:123)
	at utilities.DriverWrapper.initializeDriver(DriverWrapper.java:21)
	at TestRunner.Steps.navigateToUrl(Steps.java:14)
	at ✽.Open Chrome and launch the application(file:///C:/Users/RafaePaula/LuxoftTask/src/test/resources/Features/openChrome.feature:6)
]]></error>
    <system-out><![CDATA[
@Tag ChromeTest
Scenario:                                      &amp#27;[90m# src/test/resources/Features/openChrome.feature:5&amp#27;[0m
  &amp#27;[31mGiven &amp#27;[0m&amp#27;[31mOpen Chrome and launch the application&amp#27;[0m &amp#27;[90m# TestRunner.Steps.navigateToUrl()&amp#27;[0m
      &amp#27;[31mjava.lang.IllegalStateException: The driver executable does not exist: C:\Users\RafaePaula\LuxoftTask\lib\chromedriver.exe
	at com.google.common.base.Preconditions.checkState(Preconditions.java:585)
	at org.openqa.selenium.remote.service.DriverService.checkExecutable(DriverService.java:137)
	at org.openqa.selenium.remote.service.DriverService.findExecutable(DriverService.java:132)
	at org.openqa.selenium.chrome.ChromeDriverService.access$000(ChromeDriverService.java:35)
	at org.openqa.selenium.chrome.ChromeDriverService$Builder.findDefaultExecutable(ChromeDriverService.java:156)
	at org.openqa.selenium.remote.service.DriverService$Builder.build(DriverService.java:346)
	at org.openqa.selenium.chrome.ChromeDriverService.createDefaultService(ChromeDriverService.java:91)
	at org.openqa.selenium.chrome.ChromeDriver.<init>(ChromeDriver.java:123)
	at utilities.DriverWrapper.initializeDriver(DriverWrapper.java:21)
	at TestRunner.Steps.navigateToUrl(Steps.java:14)
	at ?.Open Chrome and launch the application(file:///C:/Users/RafaePaula/LuxoftTask/src/test/resources/Features/openChrome.feature:6)
&amp#27;[0m
]]></system-out>
  </testcase>
</testsuite>